<?xml version="1.0" encoding="UTF-8"?>
<testsuite name="dev.ankiesmp.dominium.paper.config.BorderParticleConfigMigrationTest" tests="3" skipped="0" failures="0" errors="0" timestamp="2026-07-22T07:53:13.738Z" hostname="DESKTOP-MKGL964" time="0.001">
  <properties/>
  <testcase name="legacyConfigMigratesOnlyForeignToFalse()" classname="dev.ankiesmp.dominium.paper.config.BorderParticleConfigMigrationTest" time="0.0"/>
  <testcase name="legacyConfigWithFalseStaysFalseAndBumpsVersion()" classname="dev.ankiesmp.dominium.paper.config.BorderParticleConfigMigrationTest" time="0.0"/>
  <testcase name="v2ConfigPreservesUserChoice()" classname="dev.ankiesmp.dominium.paper.config.BorderParticleConfigMigrationTest" time="0.0"/>
  <system-out><![CDATA[]]></system-out>
  <system-err><![CDATA[]]></system-err>
</testsuite>
