<?xml version="1.0" encoding="UTF-8"?>
<testsuite name="dev.ankiesmp.dominium.core.ledger.AdminGrantActionTest" tests="8" skipped="0" failures="0" errors="0" timestamp="2026-07-22T07:53:12.687Z" hostname="DESKTOP-MKGL964" time="0.219">
  <properties/>
  <testcase name="nonPositiveAmountRejected()" classname="dev.ankiesmp.dominium.core.ledger.AdminGrantActionTest" time="0.022"/>
  <testcase name="rejectedTargetLeavesBalanceTableUntouched()" classname="dev.ankiesmp.dominium.core.ledger.AdminGrantActionTest" time="0.03"/>
  <testcase name="caseInsensitiveExactMatchAccepted()" classname="dev.ankiesmp.dominium.core.ledger.AdminGrantActionTest" time="0.02"/>
  <testcase name="similarPrefixNameDoesNotMatchOther()" classname="dev.ankiesmp.dominium.core.ledger.AdminGrantActionTest" time="0.029"/>
  <testcase name="randomUuidRejectedNoLedgerMutation()" classname="dev.ankiesmp.dominium.core.ledger.AdminGrantActionTest" time="0.03"/>
  <testcase name="knownOfflinePlayerAccepted()" classname="dev.ankiesmp.dominium.core.ledger.AdminGrantActionTest" time="0.026"/>
  <testcase name="unknownNameRejectedNoLedgerMutation()" classname="dev.ankiesmp.dominium.core.ledger.AdminGrantActionTest" time="0.035"/>
  <testcase name="onlineKnownPlayerAccepted()" classname="dev.ankiesmp.dominium.core.ledger.AdminGrantActionTest" time="0.024"/>
  <system-out><![CDATA[]]></system-out>
  <system-err><![CDATA[[Test worker] INFO com.zaxxer.hikari.HikariDataSource - dominium-sqlite - Starting...
[Test worker] INFO com.zaxxer.hikari.pool.HikariPool - dominium-sqlite - Added connection org.sqlite.jdbc4.JDBC4Connection@6b739528
[Test worker] INFO com.zaxxer.hikari.HikariDataSource - dominium-sqlite - Start completed.
[Test worker] INFO dev.ankiesmp.dominium.storage.migrations.MigrationRunner - Dominium migrations discovered: V1(initial claim block ledger), V2(bank operation journal), V3(claims), V4(access and activity), V5(kingdoms), V7(kingdom bank and regions)
[Test worker] INFO dev.ankiesmp.dominium.storage.migrations.MigrationRunner -   V1 'initial claim block ledger' -> applying...
[Test worker] INFO dev.ankiesmp.dominium.storage.migrations.MigrationRunner -   V1 'initial claim block ledger' -> OK
[Test worker] INFO dev.ankiesmp.dominium.storage.migrations.MigrationRunner -   V2 'bank operation journal' -> applying...
[Test worker] INFO dev.ankiesmp.dominium.storage.migrations.MigrationRunner -   V2 'bank operation journal' -> OK
[Test worker] INFO dev.ankiesmp.dominium.storage.migrations.MigrationRunner -   V3 'claims' -> applying...
[Test worker] INFO dev.ankiesmp.dominium.storage.migrations.MigrationRunner -   V3 'claims' -> OK
[Test worker] INFO dev.ankiesmp.dominium.storage.migrations.MigrationRunner -   V4 'access and activity' -> applying...
[Test worker] INFO dev.ankiesmp.dominium.storage.migrations.MigrationRunner -   V4 'access and activity' -> OK
[Test worker] INFO dev.ankiesmp.dominium.storage.migrations.MigrationRunner -   V5 'kingdoms' -> applying...
[Test worker] INFO dev.ankiesmp.dominium.storage.migrations.MigrationRunner -   V5 'kingdoms' -> OK
[Test worker] INFO dev.ankiesmp.dominium.storage.migrations.MigrationRunner -   V7 'kingdom bank and regions' -> applying...
[Test worker] INFO dev.ankiesmp.dominium.storage.migrations.MigrationRunner -   V7 'kingdom bank and regions' -> OK
[Test worker] INFO dev.ankiesmp.dominium.storage.migrations.MigrationRunner - Dominium migrations: 6 migration(s) applied.
[Test worker] INFO com.zaxxer.hikari.HikariDataSource - dominium-sqlite - Shutdown initiated...
[Test worker] INFO com.zaxxer.hikari.HikariDataSource - dominium-sqlite - Shutdown completed.
[Test worker] INFO com.zaxxer.hikari.HikariDataSource - dominium-sqlite - Starting...
[Test worker] INFO com.zaxxer.hikari.pool.HikariPool - dominium-sqlite - Added connection org.sqlite.jdbc4.JDBC4Connection@271f18d3
[Test worker] INFO com.zaxxer.hikari.HikariDataSource - dominium-sqlite - Start completed.
[Test worker] INFO dev.ankiesmp.dominium.storage.migrations.MigrationRunner - Dominium migrations discovered: V1(initial claim block ledger), V2(bank operation journal), V3(claims), V4(access and activity), V5(kingdoms), V7(kingdom bank and regions)
[Test worker] INFO dev.ankiesmp.dominium.storage.migrations.MigrationRunner -   V1 'initial claim block ledger' -> applying...
[Test worker] INFO dev.ankiesmp.dominium.storage.migrations.MigrationRunner -   V1 'initial claim block ledger' -> OK
[Test worker] INFO dev.ankiesmp.dominium.storage.migrations.MigrationRunner -   V2 'bank operation journal' -> applying...
[Test worker] INFO dev.ankiesmp.dominium.storage.migrations.MigrationRunner -   V2 'bank operation journal' -> OK
[Test worker] INFO dev.ankiesmp.dominium.storage.migrations.MigrationRunner -   V3 'claims' -> applying...
[Test worker] INFO dev.ankiesmp.dominium.storage.migrations.MigrationRunner -   V3 'claims' -> OK
[Test worker] INFO dev.ankiesmp.dominium.storage.migrations.MigrationRunner -   V4 'access and activity' -> applying...
[Test worker] INFO dev.ankiesmp.dominium.storage.migrations.MigrationRunner -   V4 'access and activity' -> OK
[Test worker] INFO dev.ankiesmp.dominium.storage.migrations.MigrationRunner -   V5 'kingdoms' -> applying...
[Test worker] INFO dev.ankiesmp.dominium.storage.migrations.MigrationRunner -   V5 'kingdoms' -> OK
[Test worker] INFO dev.ankiesmp.dominium.storage.migrations.MigrationRunner -   V7 'kingdom bank and regions' -> applying...
[Test worker] INFO dev.ankiesmp.dominium.storage.migrations.MigrationRunner -   V7 'kingdom bank and regions' -> OK
[Test worker] INFO dev.ankiesmp.dominium.storage.migrations.MigrationRunner - Dominium migrations: 6 migration(s) applied.
[Test worker] INFO com.zaxxer.hikari.HikariDataSource - dominium-sqlite - Shutdown initiated...
[Test worker] INFO com.zaxxer.hikari.HikariDataSource - dominium-sqlite - Shutdown completed.
[Test worker] INFO com.zaxxer.hikari.HikariDataSource - dominium-sqlite - Starting...
[Test worker] INFO com.zaxxer.hikari.pool.HikariPool - dominium-sqlite - Added connection org.sqlite.jdbc4.JDBC4Connection@1bb9aa43
[Test worker] INFO com.zaxxer.hikari.HikariDataSource - dominium-sqlite - Start completed.
[Test worker] INFO dev.ankiesmp.dominium.storage.migrations.MigrationRunner - Dominium migrations discovered: V1(initial claim block ledger), V2(bank operation journal), V3(claims), V4(access and activity), V5(kingdoms), V7(kingdom bank and regions)
[Test worker] INFO dev.ankiesmp.dominium.storage.migrations.MigrationRunner -   V1 'initial claim block ledger' -> applying...
[Test worker] INFO dev.ankiesmp.dominium.storage.migrations.MigrationRunner -   V1 'initial claim block ledger' -> OK
[Test worker] INFO dev.ankiesmp.dominium.storage.migrations.MigrationRunner -   V2 'bank operation journal' -> applying...
[Test worker] INFO dev.ankiesmp.dominium.storage.migrations.MigrationRunner -   V2 'bank operation journal' -> OK
[Test worker] INFO dev.ankiesmp.dominium.storage.migrations.MigrationRunner -   V3 'claims' -> applying...
[Test worker] INFO dev.ankiesmp.dominium.storage.migrations.MigrationRunner -   V3 'claims' -> OK
[Test worker] INFO dev.ankiesmp.dominium.storage.migrations.MigrationRunner -   V4 'access and activity' -> applying...
[Test worker] INFO dev.ankiesmp.dominium.storage.migrations.MigrationRunner -   V4 'access and activity' -> OK
[Test worker] INFO dev.ankiesmp.dominium.storage.migrations.MigrationRunner -   V5 'kingdoms' -> applying...
[Test worker] INFO dev.ankiesmp.dominium.storage.migrations.MigrationRunner -   V5 'kingdoms' -> OK
[Test worker] INFO dev.ankiesmp.dominium.storage.migrations.MigrationRunner -   V7 'kingdom bank and regions' -> applying...
[Test worker] INFO dev.ankiesmp.dominium.storage.migrations.MigrationRunner -   V7 'kingdom bank and regions' -> OK
[Test worker] INFO dev.ankiesmp.dominium.storage.migrations.MigrationRunner - Dominium migrations: 6 migration(s) applied.
[Test worker] INFO com.zaxxer.hikari.HikariDataSource - dominium-sqlite - Shutdown initiated...
[Test worker] INFO com.zaxxer.hikari.HikariDataSource - dominium-sqlite - Shutdown completed.
[Test worker] INFO com.zaxxer.hikari.HikariDataSource - dominium-sqlite - Starting...
[Test worker] INFO com.zaxxer.hikari.pool.HikariPool - dominium-sqlite - Added connection org.sqlite.jdbc4.JDBC4Connection@65ef722a
[Test worker] INFO com.zaxxer.hikari.HikariDataSource - dominium-sqlite - Start completed.
[Test worker] INFO dev.ankiesmp.dominium.storage.migrations.MigrationRunner - Dominium migrations discovered: V1(initial claim block ledger), V2(bank operation journal), V3(claims), V4(access and activity), V5(kingdoms), V7(kingdom bank and regions)
[Test worker] INFO dev.ankiesmp.dominium.storage.migrations.MigrationRunner -   V1 'initial claim block ledger' -> applying...
[Test worker] INFO dev.ankiesmp.dominium.storage.migrations.MigrationRunner -   V1 'initial claim block ledger' -> OK
[Test worker] INFO dev.ankiesmp.dominium.storage.migrations.MigrationRunner -   V2 'bank operation journal' -> applying...
[Test worker] INFO dev.ankiesmp.dominium.storage.migrations.MigrationRunner -   V2 'bank operation journal' -> OK
[Test worker] INFO dev.ankiesmp.dominium.storage.migrations.MigrationRunner -   V3 'claims' -> applying...
[Test worker] INFO dev.ankiesmp.dominium.storage.migrations.MigrationRunner -   V3 'claims' -> OK
[Test worker] INFO dev.ankiesmp.dominium.storage.migrations.MigrationRunner -   V4 'access and activity' -> applying...
[Test worker] INFO dev.ankiesmp.dominium.storage.migrations.MigrationRunner -   V4 'access and activity' -> OK
[Test worker] INFO dev.ankiesmp.dominium.storage.migrations.MigrationRunner -   V5 'kingdoms' -> applying...
[Test worker] INFO dev.ankiesmp.dominium.storage.migrations.MigrationRunner -   V5 'kingdoms' -> OK
[Test worker] INFO dev.ankiesmp.dominium.storage.migrations.MigrationRunner -   V7 'kingdom bank and regions' -> applying...
[Test worker] INFO dev.ankiesmp.dominium.storage.migrations.MigrationRunner -   V7 'kingdom bank and regions' -> OK
[Test worker] INFO dev.ankiesmp.dominium.storage.migrations.MigrationRunner - Dominium migrations: 6 migration(s) applied.
[Test worker] INFO com.zaxxer.hikari.HikariDataSource - dominium-sqlite - Shutdown initiated...
[Test worker] INFO com.zaxxer.hikari.HikariDataSource - dominium-sqlite - Shutdown completed.
[Test worker] INFO com.zaxxer.hikari.HikariDataSource - dominium-sqlite - Starting...
[Test worker] INFO com.zaxxer.hikari.pool.HikariPool - dominium-sqlite - Added connection org.sqlite.jdbc4.JDBC4Connection@6b5f8707
[Test worker] INFO com.zaxxer.hikari.HikariDataSource - dominium-sqlite - Start completed.
[Test worker] INFO dev.ankiesmp.dominium.storage.migrations.MigrationRunner - Dominium migrations discovered: V1(initial claim block ledger), V2(bank operation journal), V3(claims), V4(access and activity), V5(kingdoms), V7(kingdom bank and regions)
[Test worker] INFO dev.ankiesmp.dominium.storage.migrations.MigrationRunner -   V1 'initial claim block ledger' -> applying...
[Test worker] INFO dev.ankiesmp.dominium.storage.migrations.MigrationRunner -   V1 'initial claim block ledger' -> OK
[Test worker] INFO dev.ankiesmp.dominium.storage.migrations.MigrationRunner -   V2 'bank operation journal' -> applying...
[Test worker] INFO dev.ankiesmp.dominium.storage.migrations.MigrationRunner -   V2 'bank operation journal' -> OK
[Test worker] INFO dev.ankiesmp.dominium.storage.migrations.MigrationRunner -   V3 'claims' -> applying...
[Test worker] INFO dev.ankiesmp.dominium.storage.migrations.MigrationRunner -   V3 'claims' -> OK
[Test worker] INFO dev.ankiesmp.dominium.storage.migrations.MigrationRunner -   V4 'access and activity' -> applying...
[Test worker] INFO dev.ankiesmp.dominium.storage.migrations.MigrationRunner -   V4 'access and activity' -> OK
[Test worker] INFO dev.ankiesmp.dominium.storage.migrations.MigrationRunner -   V5 'kingdoms' -> applying...
[Test worker] INFO dev.ankiesmp.dominium.storage.migrations.MigrationRunner -   V5 'kingdoms' -> OK
[Test worker] INFO dev.ankiesmp.dominium.storage.migrations.MigrationRunner -   V7 'kingdom bank and regions' -> applying...
[Test worker] INFO dev.ankiesmp.dominium.storage.migrations.MigrationRunner -   V7 'kingdom bank and regions' -> OK
[Test worker] INFO dev.ankiesmp.dominium.storage.migrations.MigrationRunner - Dominium migrations: 6 migration(s) applied.
[Test worker] INFO com.zaxxer.hikari.HikariDataSource - dominium-sqlite - Shutdown initiated...
[Test worker] INFO com.zaxxer.hikari.HikariDataSource - dominium-sqlite - Shutdown completed.
[Test worker] INFO com.zaxxer.hikari.HikariDataSource - dominium-sqlite - Starting...
[Test worker] INFO com.zaxxer.hikari.pool.HikariPool - dominium-sqlite - Added connection org.sqlite.jdbc4.JDBC4Connection@1a1d3c1a
[Test worker] INFO com.zaxxer.hikari.HikariDataSource - dominium-sqlite - Start completed.
[Test worker] INFO dev.ankiesmp.dominium.storage.migrations.MigrationRunner - Dominium migrations discovered: V1(initial claim block ledger), V2(bank operation journal), V3(claims), V4(access and activity), V5(kingdoms), V7(kingdom bank and regions)
[Test worker] INFO dev.ankiesmp.dominium.storage.migrations.MigrationRunner -   V1 'initial claim block ledger' -> applying...
[Test worker] INFO dev.ankiesmp.dominium.storage.migrations.MigrationRunner -   V1 'initial claim block ledger' -> OK
[Test worker] INFO dev.ankiesmp.dominium.storage.migrations.MigrationRunner -   V2 'bank operation journal' -> applying...
[Test worker] INFO dev.ankiesmp.dominium.storage.migrations.MigrationRunner -   V2 'bank operation journal' -> OK
[Test worker] INFO dev.ankiesmp.dominium.storage.migrations.MigrationRunner -   V3 'claims' -> applying...
[Test worker] INFO dev.ankiesmp.dominium.storage.migrations.MigrationRunner -   V3 'claims' -> OK
[Test worker] INFO dev.ankiesmp.dominium.storage.migrations.MigrationRunner -   V4 'access and activity' -> applying...
[Test worker] INFO dev.ankiesmp.dominium.storage.migrations.MigrationRunner -   V4 'access and activity' -> OK
[Test worker] INFO dev.ankiesmp.dominium.storage.migrations.MigrationRunner -   V5 'kingdoms' -> applying...
[Test worker] INFO dev.ankiesmp.dominium.storage.migrations.MigrationRunner -   V5 'kingdoms' -> OK
[Test worker] INFO dev.ankiesmp.dominium.storage.migrations.MigrationRunner -   V7 'kingdom bank and regions' -> applying...
[Test worker] INFO dev.ankiesmp.dominium.storage.migrations.MigrationRunner -   V7 'kingdom bank and regions' -> OK
[Test worker] INFO dev.ankiesmp.dominium.storage.migrations.MigrationRunner - Dominium migrations: 6 migration(s) applied.
[Test worker] INFO com.zaxxer.hikari.HikariDataSource - dominium-sqlite - Shutdown initiated...
[Test worker] INFO com.zaxxer.hikari.HikariDataSource - dominium-sqlite - Shutdown completed.
[Test worker] INFO com.zaxxer.hikari.HikariDataSource - dominium-sqlite - Starting...
[Test worker] INFO com.zaxxer.hikari.pool.HikariPool - dominium-sqlite - Added connection org.sqlite.jdbc4.JDBC4Connection@2e27d72f
[Test worker] INFO com.zaxxer.hikari.HikariDataSource - dominium-sqlite - Start completed.
[Test worker] INFO dev.ankiesmp.dominium.storage.migrations.MigrationRunner - Dominium migrations discovered: V1(initial claim block ledger), V2(bank operation journal), V3(claims), V4(access and activity), V5(kingdoms), V7(kingdom bank and regions)
[Test worker] INFO dev.ankiesmp.dominium.storage.migrations.MigrationRunner -   V1 'initial claim block ledger' -> applying...
[Test worker] INFO dev.ankiesmp.dominium.storage.migrations.MigrationRunner -   V1 'initial claim block ledger' -> OK
[Test worker] INFO dev.ankiesmp.dominium.storage.migrations.MigrationRunner -   V2 'bank operation journal' -> applying...
[Test worker] INFO dev.ankiesmp.dominium.storage.migrations.MigrationRunner -   V2 'bank operation journal' -> OK
[Test worker] INFO dev.ankiesmp.dominium.storage.migrations.MigrationRunner -   V3 'claims' -> applying...
[Test worker] INFO dev.ankiesmp.dominium.storage.migrations.MigrationRunner -   V3 'claims' -> OK
[Test worker] INFO dev.ankiesmp.dominium.storage.migrations.MigrationRunner -   V4 'access and activity' -> applying...
[Test worker] INFO dev.ankiesmp.dominium.storage.migrations.MigrationRunner -   V4 'access and activity' -> OK
[Test worker] INFO dev.ankiesmp.dominium.storage.migrations.MigrationRunner -   V5 'kingdoms' -> applying...
[Test worker] INFO dev.ankiesmp.dominium.storage.migrations.MigrationRunner -   V5 'kingdoms' -> OK
[Test worker] INFO dev.ankiesmp.dominium.storage.migrations.MigrationRunner -   V7 'kingdom bank and regions' -> applying...
[Test worker] INFO dev.ankiesmp.dominium.storage.migrations.MigrationRunner -   V7 'kingdom bank and regions' -> OK
[Test worker] INFO dev.ankiesmp.dominium.storage.migrations.MigrationRunner - Dominium migrations: 6 migration(s) applied.
[Test worker] INFO com.zaxxer.hikari.HikariDataSource - dominium-sqlite - Shutdown initiated...
[Test worker] INFO com.zaxxer.hikari.HikariDataSource - dominium-sqlite - Shutdown completed.
[Test worker] INFO com.zaxxer.hikari.HikariDataSource - dominium-sqlite - Starting...
[Test worker] INFO com.zaxxer.hikari.pool.HikariPool - dominium-sqlite - Added connection org.sqlite.jdbc4.JDBC4Connection@530a8454
[Test worker] INFO com.zaxxer.hikari.HikariDataSource - dominium-sqlite - Start completed.
[Test worker] INFO dev.ankiesmp.dominium.storage.migrations.MigrationRunner - Dominium migrations discovered: V1(initial claim block ledger), V2(bank operation journal), V3(claims), V4(access and activity), V5(kingdoms), V7(kingdom bank and regions)
[Test worker] INFO dev.ankiesmp.dominium.storage.migrations.MigrationRunner -   V1 'initial claim block ledger' -> applying...
[Test worker] INFO dev.ankiesmp.dominium.storage.migrations.MigrationRunner -   V1 'initial claim block ledger' -> OK
[Test worker] INFO dev.ankiesmp.dominium.storage.migrations.MigrationRunner -   V2 'bank operation journal' -> applying...
[Test worker] INFO dev.ankiesmp.dominium.storage.migrations.MigrationRunner -   V2 'bank operation journal' -> OK
[Test worker] INFO dev.ankiesmp.dominium.storage.migrations.MigrationRunner -   V3 'claims' -> applying...
[Test worker] INFO dev.ankiesmp.dominium.storage.migrations.MigrationRunner -   V3 'claims' -> OK
[Test worker] INFO dev.ankiesmp.dominium.storage.migrations.MigrationRunner -   V4 'access and activity' -> applying...
[Test worker] INFO dev.ankiesmp.dominium.storage.migrations.MigrationRunner -   V4 'access and activity' -> OK
[Test worker] INFO dev.ankiesmp.dominium.storage.migrations.MigrationRunner -   V5 'kingdoms' -> applying...
[Test worker] INFO dev.ankiesmp.dominium.storage.migrations.MigrationRunner -   V5 'kingdoms' -> OK
[Test worker] INFO dev.ankiesmp.dominium.storage.migrations.MigrationRunner -   V7 'kingdom bank and regions' -> applying...
[Test worker] INFO dev.ankiesmp.dominium.storage.migrations.MigrationRunner -   V7 'kingdom bank and regions' -> OK
[Test worker] INFO dev.ankiesmp.dominium.storage.migrations.MigrationRunner - Dominium migrations: 6 migration(s) applied.
[Test worker] INFO com.zaxxer.hikari.HikariDataSource - dominium-sqlite - Shutdown initiated...
[Test worker] INFO com.zaxxer.hikari.HikariDataSource - dominium-sqlite - Shutdown completed.
]]></system-err>
</testsuite>
