<?xml version="1.0" encoding="UTF-8"?>
<testsuite name="dev.ankiesmp.dominium.paper.config.BorderParticleConfigLoaderTest" tests="9" skipped="0" failures="0" errors="0" timestamp="2026-07-22T07:53:13.711Z" hostname="DESKTOP-MKGL964" time="0.027">
  <properties/>
  <testcase name="sizeOutOfRangeFallsBackToDefault()" classname="dev.ankiesmp.dominium.paper.config.BorderParticleConfigLoaderTest" time="0.02"/>
  <testcase name="inconsistentRenderRepaired()" classname="dev.ankiesmp.dominium.paper.config.BorderParticleConfigLoaderTest" time="0.002"/>
  <testcase name="rgbOutOfRangeFallsBackToDefault()" classname="dev.ankiesmp.dominium.paper.config.BorderParticleConfigLoaderTest" time="0.001"/>
  <testcase name="missingSectionUsesDefaults()" classname="dev.ankiesmp.dominium.paper.config.BorderParticleConfigLoaderTest" time="0.0"/>
  <testcase name="partialConfigFillsRest()" classname="dev.ankiesmp.dominium.paper.config.BorderParticleConfigLoaderTest" time="0.001"/>
  <testcase name="nonPositiveNumericValuesFallBack()" classname="dev.ankiesmp.dominium.paper.config.BorderParticleConfigLoaderTest" time="0.001"/>
  <testcase name="currentValidConfigLoadsUnchanged()" classname="dev.ankiesmp.dominium.paper.config.BorderParticleConfigLoaderTest" time="0.0"/>
  <testcase name="oldTriggerWithoutHideDistanceRepairs()" classname="dev.ankiesmp.dominium.paper.config.BorderParticleConfigLoaderTest" time="0.001"/>
  <testcase name="writeBackHookFiresForMissingKeys()" classname="dev.ankiesmp.dominium.paper.config.BorderParticleConfigLoaderTest" time="0.0"/>
  <system-out><![CDATA[]]></system-out>
  <system-err><![CDATA[]]></system-err>
</testsuite>
