<?xml version="1.0" encoding="UTF-8"?>
<testsuite name="dev.ankiesmp.dominium.core.kingdom.KingdomCapabilityTest" tests="2" skipped="0" failures="0" errors="0" timestamp="2026-07-22T07:53:11.822Z" hostname="DESKTOP-MKGL964" time="0.0">
  <properties/>
  <testcase name="withdrawAndBuyOnlyForLeaderCoLeader()" classname="dev.ankiesmp.dominium.core.kingdom.KingdomCapabilityTest" time="0.0"/>
  <testcase name="viewAndDepositAllowedForAllMembers()" classname="dev.ankiesmp.dominium.core.kingdom.KingdomCapabilityTest" time="0.0"/>
  <system-out><![CDATA[]]></system-out>
  <system-err><![CDATA[]]></system-err>
</testsuite>
