<?xml version="1.0" encoding="UTF-8"?>
<testsuite name="dev.ankiesmp.dominium.core.ledger.ClaimBlocksReadoutTest" tests="4" skipped="0" failures="0" errors="0" timestamp="2026-07-22T07:53:13.333Z" hostname="DESKTOP-MKGL964" time="0.002">
  <properties/>
  <testcase name="withEarningEnabledShowsExtraLines()" classname="dev.ankiesmp.dominium.core.ledger.ClaimBlocksReadoutTest" time="0.001"/>
  <testcase name="zeroBalanceRendersZeros()" classname="dev.ankiesmp.dominium.core.ledger.ClaimBlocksReadoutTest" time="0.0"/>
  <testcase name="nullSnapshotRejected()" classname="dev.ankiesmp.dominium.core.ledger.ClaimBlocksReadoutTest" time="0.001"/>
  <testcase name="showsAllThreeCountersFromBalanceSnapshot()" classname="dev.ankiesmp.dominium.core.ledger.ClaimBlocksReadoutTest" time="0.0"/>
  <system-out><![CDATA[]]></system-out>
  <system-err><![CDATA[]]></system-err>
</testsuite>
