<?xml version="1.0" encoding="UTF-8"?>
<testsuite name="dev.ankiesmp.dominium.core.territory.ClaimBorderParticleDefaultTest" tests="2" skipped="0" failures="0" errors="0" timestamp="2026-07-22T07:53:13.692Z" hostname="DESKTOP-MKGL964" time="0.002">
  <properties/>
  <testcase name="onlyForeignTrueFiltersOwnClaim()" classname="dev.ankiesmp.dominium.core.territory.ClaimBorderParticleDefaultTest" time="0.001"/>
  <testcase name="onlyForeignFalseIncludesOwnClaim()" classname="dev.ankiesmp.dominium.core.territory.ClaimBorderParticleDefaultTest" time="0.0"/>
  <system-out><![CDATA[]]></system-out>
  <system-err><![CDATA[]]></system-err>
</testsuite>
