<?xml version="1.0" encoding="UTF-8"?>
<testsuite name="dev.ankiesmp.dominium.core.claim.ClaimExpansionTest" tests="6" skipped="0" failures="0" errors="0" timestamp="2026-07-22T07:53:10.648Z" hostname="DESKTOP-MKGL964" time="0.004">
  <properties/>
  <testcase name="edgeAdjacencyProducesUnion()" classname="dev.ankiesmp.dominium.core.claim.ClaimExpansionTest" time="0.001"/>
  <testcase name="cornerOnlyIsRejected()" classname="dev.ankiesmp.dominium.core.claim.ClaimExpansionTest" time="0.0"/>
  <testcase name="selectionInsideExistingIsNoOp()" classname="dev.ankiesmp.dominium.core.claim.ClaimExpansionTest" time="0.001"/>
  <testcase name="overlappingRectangularUnion()" classname="dev.ankiesmp.dominium.core.claim.ClaimExpansionTest" time="0.0"/>
  <testcase name="lShapeRejected()" classname="dev.ankiesmp.dominium.core.claim.ClaimExpansionTest" time="0.0"/>
  <testcase name="detachedIsRejected()" classname="dev.ankiesmp.dominium.core.claim.ClaimExpansionTest" time="0.001"/>
  <system-out><![CDATA[]]></system-out>
  <system-err><![CDATA[]]></system-err>
</testsuite>
