<?xml version="1.0" encoding="UTF-8"?>
<testsuite name="dev.ankiesmp.dominium.core.claim.PlacementValidatorTest" tests="6" skipped="0" failures="0" errors="0" timestamp="2026-07-22T07:53:11.285Z" hostname="DESKTOP-MKGL964" time="0.005">
  <properties/>
  <testcase name="rejectsInsufficientClaimBlocks()" classname="dev.ankiesmp.dominium.core.claim.PlacementValidatorTest" time="0.0"/>
  <testcase name="acceptsValidCreate()" classname="dev.ankiesmp.dominium.core.claim.PlacementValidatorTest" time="0.001"/>
  <testcase name="resizeIgnoresOwnClaimOverlap()" classname="dev.ankiesmp.dominium.core.claim.PlacementValidatorTest" time="0.001"/>
  <testcase name="rejectsTooSmallSide()" classname="dev.ankiesmp.dominium.core.claim.PlacementValidatorTest" time="0.001"/>
  <testcase name="rejectsBufferViolation()" classname="dev.ankiesmp.dominium.core.claim.PlacementValidatorTest" time="0.001"/>
  <testcase name="rejectsOverlap()" classname="dev.ankiesmp.dominium.core.claim.PlacementValidatorTest" time="0.0"/>
  <system-out><![CDATA[]]></system-out>
  <system-err><![CDATA[]]></system-err>
</testsuite>
