<?xml version="1.0" encoding="UTF-8"?>
<testsuite name="dev.ankiesmp.dominium.core.ledger.ClaimBlockLedgerTest" tests="7" skipped="0" failures="0" errors="0" timestamp="2026-07-22T07:53:13.045Z" hostname="DESKTOP-MKGL964" time="0.288">
  <properties/>
  <testcase name="spendFailsWithoutSufficientBalance()" classname="dev.ankiesmp.dominium.core.ledger.ClaimBlockLedgerTest" time="0.032"/>
  <testcase name="randomSequenceKeepsInvariants()" classname="dev.ankiesmp.dominium.core.ledger.ClaimBlockLedgerTest" time="0.091"/>
  <testcase name="balanceReproducibleFromLedger()" classname="dev.ankiesmp.dominium.core.ledger.ClaimBlockLedgerTest" time="0.035"/>
  <testcase name="balanceMatchesSumOfDeltas()" classname="dev.ankiesmp.dominium.core.ledger.ClaimBlockLedgerTest" time="0.028"/>
  <testcase name="grantWithZeroDeltaRejectedAtBuild()" classname="dev.ankiesmp.dominium.core.ledger.ClaimBlockLedgerTest" time="0.035"/>
  <testcase name="duplicateIdempotencyKeyIsNoOp()" classname="dev.ankiesmp.dominium.core.ledger.ClaimBlockLedgerTest" time="0.024"/>
  <testcase name="grantIncreasesBalanceByExactDelta()" classname="dev.ankiesmp.dominium.core.ledger.ClaimBlockLedgerTest" time="0.043"/>
  <system-out><![CDATA[]]></system-out>
  <system-err><![CDATA[[Test worker] INFO com.zaxxer.hikari.HikariDataSource - dominium-sqlite - Starting...
[Test worker] INFO com.zaxxer.hikari.pool.HikariPool - dominium-sqlite - Added connection org.sqlite.jdbc4.JDBC4Connection@9fecdf1
[Test worker] INFO com.zaxxer.hikari.HikariDataSource - dominium-sqlite - Start completed.
[Test worker] INFO dev.ankiesmp.dominium.storage.migrations.MigrationRunner - Dominium migrations discovered: V1(initial claim block ledger), V2(bank operation journal), V3(claims), V4(access and activity), V5(kingdoms), V7(kingdom bank and regions)
[Test worker] INFO dev.ankiesmp.dominium.storage.migrations.MigrationRunner -   V1 'initial claim block ledger' -> applying...
[Test worker] INFO dev.ankiesmp.dominium.storage.migrations.MigrationRunner -   V1 'initial claim block ledger' -> OK
[Test worker] INFO dev.ankiesmp.dominium.storage.migrations.MigrationRunner -   V2 'bank operation journal' -> applying...
[Test worker] INFO dev.ankiesmp.dominium.storage.migrations.MigrationRunner -   V2 'bank operation journal' -> OK
[Test worker] INFO dev.ankiesmp.dominium.storage.migrations.MigrationRunner -   V3 'claims' -> applying...
[Test worker] INFO dev.ankiesmp.dominium.storage.migrations.MigrationRunner -   V3 'claims' -> OK
[Test worker] INFO dev.ankiesmp.dominium.storage.migrations.MigrationRunner -   V4 'access and activity' -> applying...
[Test worker] INFO dev.ankiesmp.dominium.storage.migrations.MigrationRunner -   V4 'access and activity' -> OK
[Test worker] INFO dev.ankiesmp.dominium.storage.migrations.MigrationRunner -   V5 'kingdoms' -> applying...
[Test worker] INFO dev.ankiesmp.dominium.storage.migrations.MigrationRunner -   V5 'kingdoms' -> OK
[Test worker] INFO dev.ankiesmp.dominium.storage.migrations.MigrationRunner -   V7 'kingdom bank and regions' -> applying...
[Test worker] INFO dev.ankiesmp.dominium.storage.migrations.MigrationRunner -   V7 'kingdom bank and regions' -> OK
[Test worker] INFO dev.ankiesmp.dominium.storage.migrations.MigrationRunner - Dominium migrations: 6 migration(s) applied.
[Test worker] INFO com.zaxxer.hikari.HikariDataSource - dominium-sqlite - Shutdown initiated...
[Test worker] INFO com.zaxxer.hikari.HikariDataSource - dominium-sqlite - Shutdown completed.
[Test worker] INFO com.zaxxer.hikari.HikariDataSource - dominium-sqlite - Starting...
[Test worker] INFO com.zaxxer.hikari.pool.HikariPool - dominium-sqlite - Added connection org.sqlite.jdbc4.JDBC4Connection@2392212b
[Test worker] INFO com.zaxxer.hikari.HikariDataSource - dominium-sqlite - Start completed.
[Test worker] INFO dev.ankiesmp.dominium.storage.migrations.MigrationRunner - Dominium migrations discovered: V1(initial claim block ledger), V2(bank operation journal), V3(claims), V4(access and activity), V5(kingdoms), V7(kingdom bank and regions)
[Test worker] INFO dev.ankiesmp.dominium.storage.migrations.MigrationRunner -   V1 'initial claim block ledger' -> applying...
[Test worker] INFO dev.ankiesmp.dominium.storage.migrations.MigrationRunner -   V1 'initial claim block ledger' -> OK
[Test worker] INFO dev.ankiesmp.dominium.storage.migrations.MigrationRunner -   V2 'bank operation journal' -> applying...
[Test worker] INFO dev.ankiesmp.dominium.storage.migrations.MigrationRunner -   V2 'bank operation journal' -> OK
[Test worker] INFO dev.ankiesmp.dominium.storage.migrations.MigrationRunner -   V3 'claims' -> applying...
[Test worker] INFO dev.ankiesmp.dominium.storage.migrations.MigrationRunner -   V3 'claims' -> OK
[Test worker] INFO dev.ankiesmp.dominium.storage.migrations.MigrationRunner -   V4 'access and activity' -> applying...
[Test worker] INFO dev.ankiesmp.dominium.storage.migrations.MigrationRunner -   V4 'access and activity' -> OK
[Test worker] INFO dev.ankiesmp.dominium.storage.migrations.MigrationRunner -   V5 'kingdoms' -> applying...
[Test worker] INFO dev.ankiesmp.dominium.storage.migrations.MigrationRunner -   V5 'kingdoms' -> OK
[Test worker] INFO dev.ankiesmp.dominium.storage.migrations.MigrationRunner -   V7 'kingdom bank and regions' -> applying...
[Test worker] INFO dev.ankiesmp.dominium.storage.migrations.MigrationRunner -   V7 'kingdom bank and regions' -> OK
[Test worker] INFO dev.ankiesmp.dominium.storage.migrations.MigrationRunner - Dominium migrations: 6 migration(s) applied.
[Test worker] INFO com.zaxxer.hikari.HikariDataSource - dominium-sqlite - Shutdown initiated...
[Test worker] INFO com.zaxxer.hikari.HikariDataSource - dominium-sqlite - Shutdown completed.
[Test worker] INFO com.zaxxer.hikari.HikariDataSource - dominium-sqlite - Starting...
[Test worker] INFO com.zaxxer.hikari.pool.HikariPool - dominium-sqlite - Added connection org.sqlite.jdbc4.JDBC4Connection@38600b
[Test worker] INFO com.zaxxer.hikari.HikariDataSource - dominium-sqlite - Start completed.
[Test worker] INFO dev.ankiesmp.dominium.storage.migrations.MigrationRunner - Dominium migrations discovered: V1(initial claim block ledger), V2(bank operation journal), V3(claims), V4(access and activity), V5(kingdoms), V7(kingdom bank and regions)
[Test worker] INFO dev.ankiesmp.dominium.storage.migrations.MigrationRunner -   V1 'initial claim block ledger' -> applying...
[Test worker] INFO dev.ankiesmp.dominium.storage.migrations.MigrationRunner -   V1 'initial claim block ledger' -> OK
[Test worker] INFO dev.ankiesmp.dominium.storage.migrations.MigrationRunner -   V2 'bank operation journal' -> applying...
[Test worker] INFO dev.ankiesmp.dominium.storage.migrations.MigrationRunner -   V2 'bank operation journal' -> OK
[Test worker] INFO dev.ankiesmp.dominium.storage.migrations.MigrationRunner -   V3 'claims' -> applying...
[Test worker] INFO dev.ankiesmp.dominium.storage.migrations.MigrationRunner -   V3 'claims' -> OK
[Test worker] INFO dev.ankiesmp.dominium.storage.migrations.MigrationRunner -   V4 'access and activity' -> applying...
[Test worker] INFO dev.ankiesmp.dominium.storage.migrations.MigrationRunner -   V4 'access and activity' -> OK
[Test worker] INFO dev.ankiesmp.dominium.storage.migrations.MigrationRunner -   V5 'kingdoms' -> applying...
[Test worker] INFO dev.ankiesmp.dominium.storage.migrations.MigrationRunner -   V5 'kingdoms' -> OK
[Test worker] INFO dev.ankiesmp.dominium.storage.migrations.MigrationRunner -   V7 'kingdom bank and regions' -> applying...
[Test worker] INFO dev.ankiesmp.dominium.storage.migrations.MigrationRunner -   V7 'kingdom bank and regions' -> OK
[Test worker] INFO dev.ankiesmp.dominium.storage.migrations.MigrationRunner - Dominium migrations: 6 migration(s) applied.
[Test worker] INFO com.zaxxer.hikari.HikariDataSource - dominium-sqlite - Shutdown initiated...
[Test worker] INFO com.zaxxer.hikari.HikariDataSource - dominium-sqlite - Shutdown completed.
[Test worker] INFO com.zaxxer.hikari.HikariDataSource - dominium-sqlite - Starting...
[Test worker] INFO com.zaxxer.hikari.pool.HikariPool - dominium-sqlite - Added connection org.sqlite.jdbc4.JDBC4Connection@41c62850
[Test worker] INFO com.zaxxer.hikari.HikariDataSource - dominium-sqlite - Start completed.
[Test worker] INFO dev.ankiesmp.dominium.storage.migrations.MigrationRunner - Dominium migrations discovered: V1(initial claim block ledger), V2(bank operation journal), V3(claims), V4(access and activity), V5(kingdoms), V7(kingdom bank and regions)
[Test worker] INFO dev.ankiesmp.dominium.storage.migrations.MigrationRunner -   V1 'initial claim block ledger' -> applying...
[Test worker] INFO dev.ankiesmp.dominium.storage.migrations.MigrationRunner -   V1 'initial claim block ledger' -> OK
[Test worker] INFO dev.ankiesmp.dominium.storage.migrations.MigrationRunner -   V2 'bank operation journal' -> applying...
[Test worker] INFO dev.ankiesmp.dominium.storage.migrations.MigrationRunner -   V2 'bank operation journal' -> OK
[Test worker] INFO dev.ankiesmp.dominium.storage.migrations.MigrationRunner -   V3 'claims' -> applying...
[Test worker] INFO dev.ankiesmp.dominium.storage.migrations.MigrationRunner -   V3 'claims' -> OK
[Test worker] INFO dev.ankiesmp.dominium.storage.migrations.MigrationRunner -   V4 'access and activity' -> applying...
[Test worker] INFO dev.ankiesmp.dominium.storage.migrations.MigrationRunner -   V4 'access and activity' -> OK
[Test worker] INFO dev.ankiesmp.dominium.storage.migrations.MigrationRunner -   V5 'kingdoms' -> applying...
[Test worker] INFO dev.ankiesmp.dominium.storage.migrations.MigrationRunner -   V5 'kingdoms' -> OK
[Test worker] INFO dev.ankiesmp.dominium.storage.migrations.MigrationRunner -   V7 'kingdom bank and regions' -> applying...
[Test worker] INFO dev.ankiesmp.dominium.storage.migrations.MigrationRunner -   V7 'kingdom bank and regions' -> OK
[Test worker] INFO dev.ankiesmp.dominium.storage.migrations.MigrationRunner - Dominium migrations: 6 migration(s) applied.
[Test worker] INFO com.zaxxer.hikari.HikariDataSource - dominium-sqlite - Shutdown initiated...
[Test worker] INFO com.zaxxer.hikari.HikariDataSource - dominium-sqlite - Shutdown completed.
[Test worker] INFO com.zaxxer.hikari.HikariDataSource - dominium-sqlite - Starting...
[Test worker] INFO com.zaxxer.hikari.pool.HikariPool - dominium-sqlite - Added connection org.sqlite.jdbc4.JDBC4Connection@50b1f030
[Test worker] INFO com.zaxxer.hikari.HikariDataSource - dominium-sqlite - Start completed.
[Test worker] INFO dev.ankiesmp.dominium.storage.migrations.MigrationRunner - Dominium migrations discovered: V1(initial claim block ledger), V2(bank operation journal), V3(claims), V4(access and activity), V5(kingdoms), V7(kingdom bank and regions)
[Test worker] INFO dev.ankiesmp.dominium.storage.migrations.MigrationRunner -   V1 'initial claim block ledger' -> applying...
[Test worker] INFO dev.ankiesmp.dominium.storage.migrations.MigrationRunner -   V1 'initial claim block ledger' -> OK
[Test worker] INFO dev.ankiesmp.dominium.storage.migrations.MigrationRunner -   V2 'bank operation journal' -> applying...
[Test worker] INFO dev.ankiesmp.dominium.storage.migrations.MigrationRunner -   V2 'bank operation journal' -> OK
[Test worker] INFO dev.ankiesmp.dominium.storage.migrations.MigrationRunner -   V3 'claims' -> applying...
[Test worker] INFO dev.ankiesmp.dominium.storage.migrations.MigrationRunner -   V3 'claims' -> OK
[Test worker] INFO dev.ankiesmp.dominium.storage.migrations.MigrationRunner -   V4 'access and activity' -> applying...
[Test worker] INFO dev.ankiesmp.dominium.storage.migrations.MigrationRunner -   V4 'access and activity' -> OK
[Test worker] INFO dev.ankiesmp.dominium.storage.migrations.MigrationRunner -   V5 'kingdoms' -> applying...
[Test worker] INFO dev.ankiesmp.dominium.storage.migrations.MigrationRunner -   V5 'kingdoms' -> OK
[Test worker] INFO dev.ankiesmp.dominium.storage.migrations.MigrationRunner -   V7 'kingdom bank and regions' -> applying...
[Test worker] INFO dev.ankiesmp.dominium.storage.migrations.MigrationRunner -   V7 'kingdom bank and regions' -> OK
[Test worker] INFO dev.ankiesmp.dominium.storage.migrations.MigrationRunner - Dominium migrations: 6 migration(s) applied.
[Test worker] INFO com.zaxxer.hikari.HikariDataSource - dominium-sqlite - Shutdown initiated...
[Test worker] INFO com.zaxxer.hikari.HikariDataSource - dominium-sqlite - Shutdown completed.
[Test worker] INFO com.zaxxer.hikari.HikariDataSource - dominium-sqlite - Starting...
[Test worker] INFO com.zaxxer.hikari.pool.HikariPool - dominium-sqlite - Added connection org.sqlite.jdbc4.JDBC4Connection@710b30ef
[Test worker] INFO com.zaxxer.hikari.HikariDataSource - dominium-sqlite - Start completed.
[Test worker] INFO dev.ankiesmp.dominium.storage.migrations.MigrationRunner - Dominium migrations discovered: V1(initial claim block ledger), V2(bank operation journal), V3(claims), V4(access and activity), V5(kingdoms), V7(kingdom bank and regions)
[Test worker] INFO dev.ankiesmp.dominium.storage.migrations.MigrationRunner -   V1 'initial claim block ledger' -> applying...
[Test worker] INFO dev.ankiesmp.dominium.storage.migrations.MigrationRunner -   V1 'initial claim block ledger' -> OK
[Test worker] INFO dev.ankiesmp.dominium.storage.migrations.MigrationRunner -   V2 'bank operation journal' -> applying...
[Test worker] INFO dev.ankiesmp.dominium.storage.migrations.MigrationRunner -   V2 'bank operation journal' -> OK
[Test worker] INFO dev.ankiesmp.dominium.storage.migrations.MigrationRunner -   V3 'claims' -> applying...
[Test worker] INFO dev.ankiesmp.dominium.storage.migrations.MigrationRunner -   V3 'claims' -> OK
[Test worker] INFO dev.ankiesmp.dominium.storage.migrations.MigrationRunner -   V4 'access and activity' -> applying...
[Test worker] INFO dev.ankiesmp.dominium.storage.migrations.MigrationRunner -   V4 'access and activity' -> OK
[Test worker] INFO dev.ankiesmp.dominium.storage.migrations.MigrationRunner -   V5 'kingdoms' -> applying...
[Test worker] INFO dev.ankiesmp.dominium.storage.migrations.MigrationRunner -   V5 'kingdoms' -> OK
[Test worker] INFO dev.ankiesmp.dominium.storage.migrations.MigrationRunner -   V7 'kingdom bank and regions' -> applying...
[Test worker] INFO dev.ankiesmp.dominium.storage.migrations.MigrationRunner -   V7 'kingdom bank and regions' -> OK
[Test worker] INFO dev.ankiesmp.dominium.storage.migrations.MigrationRunner - Dominium migrations: 6 migration(s) applied.
[Test worker] INFO com.zaxxer.hikari.HikariDataSource - dominium-sqlite - Shutdown initiated...
[Test worker] INFO com.zaxxer.hikari.HikariDataSource - dominium-sqlite - Shutdown completed.
[Test worker] INFO com.zaxxer.hikari.HikariDataSource - dominium-sqlite - Starting...
[Test worker] INFO com.zaxxer.hikari.pool.HikariPool - dominium-sqlite - Added connection org.sqlite.jdbc4.JDBC4Connection@df4b72
[Test worker] INFO com.zaxxer.hikari.HikariDataSource - dominium-sqlite - Start completed.
[Test worker] INFO dev.ankiesmp.dominium.storage.migrations.MigrationRunner - Dominium migrations discovered: V1(initial claim block ledger), V2(bank operation journal), V3(claims), V4(access and activity), V5(kingdoms), V7(kingdom bank and regions)
[Test worker] INFO dev.ankiesmp.dominium.storage.migrations.MigrationRunner -   V1 'initial claim block ledger' -> applying...
[Test worker] INFO dev.ankiesmp.dominium.storage.migrations.MigrationRunner -   V1 'initial claim block ledger' -> OK
[Test worker] INFO dev.ankiesmp.dominium.storage.migrations.MigrationRunner -   V2 'bank operation journal' -> applying...
[Test worker] INFO dev.ankiesmp.dominium.storage.migrations.MigrationRunner -   V2 'bank operation journal' -> OK
[Test worker] INFO dev.ankiesmp.dominium.storage.migrations.MigrationRunner -   V3 'claims' -> applying...
[Test worker] INFO dev.ankiesmp.dominium.storage.migrations.MigrationRunner -   V3 'claims' -> OK
[Test worker] INFO dev.ankiesmp.dominium.storage.migrations.MigrationRunner -   V4 'access and activity' -> applying...
[Test worker] INFO dev.ankiesmp.dominium.storage.migrations.MigrationRunner -   V4 'access and activity' -> OK
[Test worker] INFO dev.ankiesmp.dominium.storage.migrations.MigrationRunner -   V5 'kingdoms' -> applying...
[Test worker] INFO dev.ankiesmp.dominium.storage.migrations.MigrationRunner -   V5 'kingdoms' -> OK
[Test worker] INFO dev.ankiesmp.dominium.storage.migrations.MigrationRunner -   V7 'kingdom bank and regions' -> applying...
[Test worker] INFO dev.ankiesmp.dominium.storage.migrations.MigrationRunner -   V7 'kingdom bank and regions' -> OK
[Test worker] INFO dev.ankiesmp.dominium.storage.migrations.MigrationRunner - Dominium migrations: 6 migration(s) applied.
[Test worker] INFO com.zaxxer.hikari.HikariDataSource - dominium-sqlite - Shutdown initiated...
[Test worker] INFO com.zaxxer.hikari.HikariDataSource - dominium-sqlite - Shutdown completed.
]]></system-err>
</testsuite>
