<?xml version="1.0" encoding="UTF-8"?>
<testsuite name="dev.ankiesmp.dominium.core.claim.ClaimRectangleTest" tests="7" skipped="0" failures="0" errors="0" timestamp="2026-07-22T07:53:10.783Z" hostname="DESKTOP-MKGL964" time="0.006">
  <properties/>
  <testcase name="areaEqualsWidthTimesDepthInclusive()" classname="dev.ankiesmp.dominium.core.claim.ClaimRectangleTest" time="0.001"/>
  <testcase name="intersectsDetectsOverlap()" classname="dev.ankiesmp.dominium.core.claim.ClaimRectangleTest" time="0.0"/>
  <testcase name="chebyshevGapMatchesExpectation()" classname="dev.ankiesmp.dominium.core.claim.ClaimRectangleTest" time="0.0"/>
  <testcase name="ofCornersOrdersMinMax()" classname="dev.ankiesmp.dominium.core.claim.ClaimRectangleTest" time="0.0"/>
  <testcase name="resizeDeltaHandlesExpandAndShrink()" classname="dev.ankiesmp.dominium.core.claim.ClaimRectangleTest" time="0.0"/>
  <testcase name="sharesEdgeTrueWhenExactlyAdjacent()" classname="dev.ankiesmp.dominium.core.claim.ClaimRectangleTest" time="0.0"/>
  <testcase name="rejectsInvalidRectangle()" classname="dev.ankiesmp.dominium.core.claim.ClaimRectangleTest" time="0.002"/>
  <system-out><![CDATA[]]></system-out>
  <system-err><![CDATA[]]></system-err>
</testsuite>
