<?xml version="1.0" encoding="UTF-8"?>
<testsuite name="dev.ankiesmp.dominium.core.kingdom.KingdomMembershipServiceTest" tests="7" skipped="0" failures="0" errors="0" timestamp="2026-07-22T07:53:12.346Z" hostname="DESKTOP-MKGL964" time="0.199">
  <properties/>
  <testcase name="coLeaderCannotPromote()" classname="dev.ankiesmp.dominium.core.kingdom.KingdomMembershipServiceTest" time="0.028"/>
  <testcase name="promoteMemberToCoLeader()" classname="dev.ankiesmp.dominium.core.kingdom.KingdomMembershipServiceTest" time="0.032"/>
  <testcase name="leaderCannotBeKickedOrDemoted()" classname="dev.ankiesmp.dominium.core.kingdom.KingdomMembershipServiceTest" time="0.022"/>
  <testcase name="coLeaderCanKickRegularMember()" classname="dev.ankiesmp.dominium.core.kingdom.KingdomMembershipServiceTest" time="0.032"/>
  <testcase name="demoteOnlyWorksOnCoLeader()" classname="dev.ankiesmp.dominium.core.kingdom.KingdomMembershipServiceTest" time="0.025"/>
  <testcase name="coLeaderCannotKickAnotherCoLeader()" classname="dev.ankiesmp.dominium.core.kingdom.KingdomMembershipServiceTest" time="0.033"/>
  <testcase name="selfTargetOperationsRejected()" classname="dev.ankiesmp.dominium.core.kingdom.KingdomMembershipServiceTest" time="0.026"/>
  <system-out><![CDATA[]]></system-out>
  <system-err><![CDATA[[Test worker] INFO com.zaxxer.hikari.HikariDataSource - dominium-sqlite - Starting...
[Test worker] INFO com.zaxxer.hikari.pool.HikariPool - dominium-sqlite - Added connection org.sqlite.jdbc4.JDBC4Connection@72bca894
[Test worker] INFO com.zaxxer.hikari.HikariDataSource - dominium-sqlite - Start completed.
[Test worker] INFO dev.ankiesmp.dominium.storage.migrations.MigrationRunner - Dominium migrations discovered: V1(initial claim block ledger), V2(bank operation journal), V3(claims), V4(access and activity), V5(kingdoms), V7(kingdom bank and regions)
[Test worker] INFO dev.ankiesmp.dominium.storage.migrations.MigrationRunner -   V1 'initial claim block ledger' -> applying...
[Test worker] INFO dev.ankiesmp.dominium.storage.migrations.MigrationRunner -   V1 'initial claim block ledger' -> OK
[Test worker] INFO dev.ankiesmp.dominium.storage.migrations.MigrationRunner -   V2 'bank operation journal' -> applying...
[Test worker] INFO dev.ankiesmp.dominium.storage.migrations.MigrationRunner -   V2 'bank operation journal' -> OK
[Test worker] INFO dev.ankiesmp.dominium.storage.migrations.MigrationRunner -   V3 'claims' -> applying...
[Test worker] INFO dev.ankiesmp.dominium.storage.migrations.MigrationRunner -   V3 'claims' -> OK
[Test worker] INFO dev.ankiesmp.dominium.storage.migrations.MigrationRunner -   V4 'access and activity' -> applying...
[Test worker] INFO dev.ankiesmp.dominium.storage.migrations.MigrationRunner -   V4 'access and activity' -> OK
[Test worker] INFO dev.ankiesmp.dominium.storage.migrations.MigrationRunner -   V5 'kingdoms' -> applying...
[Test worker] INFO dev.ankiesmp.dominium.storage.migrations.MigrationRunner -   V5 'kingdoms' -> OK
[Test worker] INFO dev.ankiesmp.dominium.storage.migrations.MigrationRunner -   V7 'kingdom bank and regions' -> applying...
[Test worker] INFO dev.ankiesmp.dominium.storage.migrations.MigrationRunner -   V7 'kingdom bank and regions' -> OK
[Test worker] INFO dev.ankiesmp.dominium.storage.migrations.MigrationRunner - Dominium migrations: 6 migration(s) applied.
[Test worker] INFO com.zaxxer.hikari.HikariDataSource - dominium-sqlite - Shutdown initiated...
[Test worker] INFO com.zaxxer.hikari.HikariDataSource - dominium-sqlite - Shutdown completed.
[Test worker] INFO com.zaxxer.hikari.HikariDataSource - dominium-sqlite - Starting...
[Test worker] INFO com.zaxxer.hikari.pool.HikariPool - dominium-sqlite - Added connection org.sqlite.jdbc4.JDBC4Connection@1d572e62
[Test worker] INFO com.zaxxer.hikari.HikariDataSource - dominium-sqlite - Start completed.
[Test worker] INFO dev.ankiesmp.dominium.storage.migrations.MigrationRunner - Dominium migrations discovered: V1(initial claim block ledger), V2(bank operation journal), V3(claims), V4(access and activity), V5(kingdoms), V7(kingdom bank and regions)
[Test worker] INFO dev.ankiesmp.dominium.storage.migrations.MigrationRunner -   V1 'initial claim block ledger' -> applying...
[Test worker] INFO dev.ankiesmp.dominium.storage.migrations.MigrationRunner -   V1 'initial claim block ledger' -> OK
[Test worker] INFO dev.ankiesmp.dominium.storage.migrations.MigrationRunner -   V2 'bank operation journal' -> applying...
[Test worker] INFO dev.ankiesmp.dominium.storage.migrations.MigrationRunner -   V2 'bank operation journal' -> OK
[Test worker] INFO dev.ankiesmp.dominium.storage.migrations.MigrationRunner -   V3 'claims' -> applying...
[Test worker] INFO dev.ankiesmp.dominium.storage.migrations.MigrationRunner -   V3 'claims' -> OK
[Test worker] INFO dev.ankiesmp.dominium.storage.migrations.MigrationRunner -   V4 'access and activity' -> applying...
[Test worker] INFO dev.ankiesmp.dominium.storage.migrations.MigrationRunner -   V4 'access and activity' -> OK
[Test worker] INFO dev.ankiesmp.dominium.storage.migrations.MigrationRunner -   V5 'kingdoms' -> applying...
[Test worker] INFO dev.ankiesmp.dominium.storage.migrations.MigrationRunner -   V5 'kingdoms' -> OK
[Test worker] INFO dev.ankiesmp.dominium.storage.migrations.MigrationRunner -   V7 'kingdom bank and regions' -> applying...
[Test worker] INFO dev.ankiesmp.dominium.storage.migrations.MigrationRunner -   V7 'kingdom bank and regions' -> OK
[Test worker] INFO dev.ankiesmp.dominium.storage.migrations.MigrationRunner - Dominium migrations: 6 migration(s) applied.
[Test worker] INFO com.zaxxer.hikari.HikariDataSource - dominium-sqlite - Shutdown initiated...
[Test worker] INFO com.zaxxer.hikari.HikariDataSource - dominium-sqlite - Shutdown completed.
[Test worker] INFO com.zaxxer.hikari.HikariDataSource - dominium-sqlite - Starting...
[Test worker] INFO com.zaxxer.hikari.pool.HikariPool - dominium-sqlite - Added connection org.sqlite.jdbc4.JDBC4Connection@3e2fc448
[Test worker] INFO com.zaxxer.hikari.HikariDataSource - dominium-sqlite - Start completed.
[Test worker] INFO dev.ankiesmp.dominium.storage.migrations.MigrationRunner - Dominium migrations discovered: V1(initial claim block ledger), V2(bank operation journal), V3(claims), V4(access and activity), V5(kingdoms), V7(kingdom bank and regions)
[Test worker] INFO dev.ankiesmp.dominium.storage.migrations.MigrationRunner -   V1 'initial claim block ledger' -> applying...
[Test worker] INFO dev.ankiesmp.dominium.storage.migrations.MigrationRunner -   V1 'initial claim block ledger' -> OK
[Test worker] INFO dev.ankiesmp.dominium.storage.migrations.MigrationRunner -   V2 'bank operation journal' -> applying...
[Test worker] INFO dev.ankiesmp.dominium.storage.migrations.MigrationRunner -   V2 'bank operation journal' -> OK
[Test worker] INFO dev.ankiesmp.dominium.storage.migrations.MigrationRunner -   V3 'claims' -> applying...
[Test worker] INFO dev.ankiesmp.dominium.storage.migrations.MigrationRunner -   V3 'claims' -> OK
[Test worker] INFO dev.ankiesmp.dominium.storage.migrations.MigrationRunner -   V4 'access and activity' -> applying...
[Test worker] INFO dev.ankiesmp.dominium.storage.migrations.MigrationRunner -   V4 'access and activity' -> OK
[Test worker] INFO dev.ankiesmp.dominium.storage.migrations.MigrationRunner -   V5 'kingdoms' -> applying...
[Test worker] INFO dev.ankiesmp.dominium.storage.migrations.MigrationRunner -   V5 'kingdoms' -> OK
[Test worker] INFO dev.ankiesmp.dominium.storage.migrations.MigrationRunner -   V7 'kingdom bank and regions' -> applying...
[Test worker] INFO dev.ankiesmp.dominium.storage.migrations.MigrationRunner -   V7 'kingdom bank and regions' -> OK
[Test worker] INFO dev.ankiesmp.dominium.storage.migrations.MigrationRunner - Dominium migrations: 6 migration(s) applied.
[Test worker] INFO com.zaxxer.hikari.HikariDataSource - dominium-sqlite - Shutdown initiated...
[Test worker] INFO com.zaxxer.hikari.HikariDataSource - dominium-sqlite - Shutdown completed.
[Test worker] INFO com.zaxxer.hikari.HikariDataSource - dominium-sqlite - Starting...
[Test worker] INFO com.zaxxer.hikari.pool.HikariPool - dominium-sqlite - Added connection org.sqlite.jdbc4.JDBC4Connection@3c291aad
[Test worker] INFO com.zaxxer.hikari.HikariDataSource - dominium-sqlite - Start completed.
[Test worker] INFO dev.ankiesmp.dominium.storage.migrations.MigrationRunner - Dominium migrations discovered: V1(initial claim block ledger), V2(bank operation journal), V3(claims), V4(access and activity), V5(kingdoms), V7(kingdom bank and regions)
[Test worker] INFO dev.ankiesmp.dominium.storage.migrations.MigrationRunner -   V1 'initial claim block ledger' -> applying...
[Test worker] INFO dev.ankiesmp.dominium.storage.migrations.MigrationRunner -   V1 'initial claim block ledger' -> OK
[Test worker] INFO dev.ankiesmp.dominium.storage.migrations.MigrationRunner -   V2 'bank operation journal' -> applying...
[Test worker] INFO dev.ankiesmp.dominium.storage.migrations.MigrationRunner -   V2 'bank operation journal' -> OK
[Test worker] INFO dev.ankiesmp.dominium.storage.migrations.MigrationRunner -   V3 'claims' -> applying...
[Test worker] INFO dev.ankiesmp.dominium.storage.migrations.MigrationRunner -   V3 'claims' -> OK
[Test worker] INFO dev.ankiesmp.dominium.storage.migrations.MigrationRunner -   V4 'access and activity' -> applying...
[Test worker] INFO dev.ankiesmp.dominium.storage.migrations.MigrationRunner -   V4 'access and activity' -> OK
[Test worker] INFO dev.ankiesmp.dominium.storage.migrations.MigrationRunner -   V5 'kingdoms' -> applying...
[Test worker] INFO dev.ankiesmp.dominium.storage.migrations.MigrationRunner -   V5 'kingdoms' -> OK
[Test worker] INFO dev.ankiesmp.dominium.storage.migrations.MigrationRunner -   V7 'kingdom bank and regions' -> applying...
[Test worker] INFO dev.ankiesmp.dominium.storage.migrations.MigrationRunner -   V7 'kingdom bank and regions' -> OK
[Test worker] INFO dev.ankiesmp.dominium.storage.migrations.MigrationRunner - Dominium migrations: 6 migration(s) applied.
[Test worker] INFO com.zaxxer.hikari.HikariDataSource - dominium-sqlite - Shutdown initiated...
[Test worker] INFO com.zaxxer.hikari.HikariDataSource - dominium-sqlite - Shutdown completed.
[Test worker] INFO com.zaxxer.hikari.HikariDataSource - dominium-sqlite - Starting...
[Test worker] INFO com.zaxxer.hikari.pool.HikariPool - dominium-sqlite - Added connection org.sqlite.jdbc4.JDBC4Connection@6d1310f6
[Test worker] INFO com.zaxxer.hikari.HikariDataSource - dominium-sqlite - Start completed.
[Test worker] INFO dev.ankiesmp.dominium.storage.migrations.MigrationRunner - Dominium migrations discovered: V1(initial claim block ledger), V2(bank operation journal), V3(claims), V4(access and activity), V5(kingdoms), V7(kingdom bank and regions)
[Test worker] INFO dev.ankiesmp.dominium.storage.migrations.MigrationRunner -   V1 'initial claim block ledger' -> applying...
[Test worker] INFO dev.ankiesmp.dominium.storage.migrations.MigrationRunner -   V1 'initial claim block ledger' -> OK
[Test worker] INFO dev.ankiesmp.dominium.storage.migrations.MigrationRunner -   V2 'bank operation journal' -> applying...
[Test worker] INFO dev.ankiesmp.dominium.storage.migrations.MigrationRunner -   V2 'bank operation journal' -> OK
[Test worker] INFO dev.ankiesmp.dominium.storage.migrations.MigrationRunner -   V3 'claims' -> applying...
[Test worker] INFO dev.ankiesmp.dominium.storage.migrations.MigrationRunner -   V3 'claims' -> OK
[Test worker] INFO dev.ankiesmp.dominium.storage.migrations.MigrationRunner -   V4 'access and activity' -> applying...
[Test worker] INFO dev.ankiesmp.dominium.storage.migrations.MigrationRunner -   V4 'access and activity' -> OK
[Test worker] INFO dev.ankiesmp.dominium.storage.migrations.MigrationRunner -   V5 'kingdoms' -> applying...
[Test worker] INFO dev.ankiesmp.dominium.storage.migrations.MigrationRunner -   V5 'kingdoms' -> OK
[Test worker] INFO dev.ankiesmp.dominium.storage.migrations.MigrationRunner -   V7 'kingdom bank and regions' -> applying...
[Test worker] INFO dev.ankiesmp.dominium.storage.migrations.MigrationRunner -   V7 'kingdom bank and regions' -> OK
[Test worker] INFO dev.ankiesmp.dominium.storage.migrations.MigrationRunner - Dominium migrations: 6 migration(s) applied.
[Test worker] INFO com.zaxxer.hikari.HikariDataSource - dominium-sqlite - Shutdown initiated...
[Test worker] INFO com.zaxxer.hikari.HikariDataSource - dominium-sqlite - Shutdown completed.
[Test worker] INFO com.zaxxer.hikari.HikariDataSource - dominium-sqlite - Starting...
[Test worker] INFO com.zaxxer.hikari.pool.HikariPool - dominium-sqlite - Added connection org.sqlite.jdbc4.JDBC4Connection@1bc53649
[Test worker] INFO com.zaxxer.hikari.HikariDataSource - dominium-sqlite - Start completed.
[Test worker] INFO dev.ankiesmp.dominium.storage.migrations.MigrationRunner - Dominium migrations discovered: V1(initial claim block ledger), V2(bank operation journal), V3(claims), V4(access and activity), V5(kingdoms), V7(kingdom bank and regions)
[Test worker] INFO dev.ankiesmp.dominium.storage.migrations.MigrationRunner -   V1 'initial claim block ledger' -> applying...
[Test worker] INFO dev.ankiesmp.dominium.storage.migrations.MigrationRunner -   V1 'initial claim block ledger' -> OK
[Test worker] INFO dev.ankiesmp.dominium.storage.migrations.MigrationRunner -   V2 'bank operation journal' -> applying...
[Test worker] INFO dev.ankiesmp.dominium.storage.migrations.MigrationRunner -   V2 'bank operation journal' -> OK
[Test worker] INFO dev.ankiesmp.dominium.storage.migrations.MigrationRunner -   V3 'claims' -> applying...
[Test worker] INFO dev.ankiesmp.dominium.storage.migrations.MigrationRunner -   V3 'claims' -> OK
[Test worker] INFO dev.ankiesmp.dominium.storage.migrations.MigrationRunner -   V4 'access and activity' -> applying...
[Test worker] INFO dev.ankiesmp.dominium.storage.migrations.MigrationRunner -   V4 'access and activity' -> OK
[Test worker] INFO dev.ankiesmp.dominium.storage.migrations.MigrationRunner -   V5 'kingdoms' -> applying...
[Test worker] INFO dev.ankiesmp.dominium.storage.migrations.MigrationRunner -   V5 'kingdoms' -> OK
[Test worker] INFO dev.ankiesmp.dominium.storage.migrations.MigrationRunner -   V7 'kingdom bank and regions' -> applying...
[Test worker] INFO dev.ankiesmp.dominium.storage.migrations.MigrationRunner -   V7 'kingdom bank and regions' -> OK
[Test worker] INFO dev.ankiesmp.dominium.storage.migrations.MigrationRunner - Dominium migrations: 6 migration(s) applied.
[Test worker] INFO com.zaxxer.hikari.HikariDataSource - dominium-sqlite - Shutdown initiated...
[Test worker] INFO com.zaxxer.hikari.HikariDataSource - dominium-sqlite - Shutdown completed.
[Test worker] INFO com.zaxxer.hikari.HikariDataSource - dominium-sqlite - Starting...
[Test worker] INFO com.zaxxer.hikari.pool.HikariPool - dominium-sqlite - Added connection org.sqlite.jdbc4.JDBC4Connection@3f2049b6
[Test worker] INFO com.zaxxer.hikari.HikariDataSource - dominium-sqlite - Start completed.
[Test worker] INFO dev.ankiesmp.dominium.storage.migrations.MigrationRunner - Dominium migrations discovered: V1(initial claim block ledger), V2(bank operation journal), V3(claims), V4(access and activity), V5(kingdoms), V7(kingdom bank and regions)
[Test worker] INFO dev.ankiesmp.dominium.storage.migrations.MigrationRunner -   V1 'initial claim block ledger' -> applying...
[Test worker] INFO dev.ankiesmp.dominium.storage.migrations.MigrationRunner -   V1 'initial claim block ledger' -> OK
[Test worker] INFO dev.ankiesmp.dominium.storage.migrations.MigrationRunner -   V2 'bank operation journal' -> applying...
[Test worker] INFO dev.ankiesmp.dominium.storage.migrations.MigrationRunner -   V2 'bank operation journal' -> OK
[Test worker] INFO dev.ankiesmp.dominium.storage.migrations.MigrationRunner -   V3 'claims' -> applying...
[Test worker] INFO dev.ankiesmp.dominium.storage.migrations.MigrationRunner -   V3 'claims' -> OK
[Test worker] INFO dev.ankiesmp.dominium.storage.migrations.MigrationRunner -   V4 'access and activity' -> applying...
[Test worker] INFO dev.ankiesmp.dominium.storage.migrations.MigrationRunner -   V4 'access and activity' -> OK
[Test worker] INFO dev.ankiesmp.dominium.storage.migrations.MigrationRunner -   V5 'kingdoms' -> applying...
[Test worker] INFO dev.ankiesmp.dominium.storage.migrations.MigrationRunner -   V5 'kingdoms' -> OK
[Test worker] INFO dev.ankiesmp.dominium.storage.migrations.MigrationRunner -   V7 'kingdom bank and regions' -> applying...
[Test worker] INFO dev.ankiesmp.dominium.storage.migrations.MigrationRunner -   V7 'kingdom bank and regions' -> OK
[Test worker] INFO dev.ankiesmp.dominium.storage.migrations.MigrationRunner - Dominium migrations: 6 migration(s) applied.
[Test worker] INFO com.zaxxer.hikari.HikariDataSource - dominium-sqlite - Shutdown initiated...
[Test worker] INFO com.zaxxer.hikari.HikariDataSource - dominium-sqlite - Shutdown completed.
]]></system-err>
</testsuite>
