<?xml version="1.0" encoding="UTF-8"?>
<testsuite name="dev.ankiesmp.dominium.core.territory.TerritoryContextCacheTest" tests="7" skipped="0" failures="0" errors="0" timestamp="2026-07-22T07:53:13.705Z" hostname="DESKTOP-MKGL964" time="0.003">
  <properties/>
  <testcase name="clearRemovesEverything()" classname="dev.ankiesmp.dominium.core.territory.TerritoryContextCacheTest" time="0.001"/>
  <testcase name="invalidateAccessPerPlayer()" classname="dev.ankiesmp.dominium.core.territory.TerritoryContextCacheTest" time="0.0"/>
  <testcase name="contextAtProducesCorrectAudienceAndNoAccessFlag()" classname="dev.ankiesmp.dominium.core.territory.TerritoryContextCacheTest" time="0.001"/>
  <testcase name="invalidateClaimSweepsAllRelated()" classname="dev.ankiesmp.dominium.core.territory.TerritoryContextCacheTest" time="0.001"/>
  <testcase name="noAccessInvalidation()" classname="dev.ankiesmp.dominium.core.territory.TerritoryContextCacheTest" time="0.0"/>
  <testcase name="hitAndMissCountersReflectAccessLookup()" classname="dev.ankiesmp.dominium.core.territory.TerritoryContextCacheTest" time="0.0"/>
  <testcase name="ttlExpiryRefetches()" classname="dev.ankiesmp.dominium.core.territory.TerritoryContextCacheTest" time="0.0"/>
  <system-out><![CDATA[]]></system-out>
  <system-err><![CDATA[]]></system-err>
</testsuite>
