<?xml version="1.0" encoding="UTF-8"?>
<testsuite name="dev.ankiesmp.dominium.core.territory.ClaimBorderSelectorTest" tests="4" skipped="0" failures="0" errors="0" timestamp="2026-07-22T07:53:13.695Z" hostname="DESKTOP-MKGL964" time="0.001">
  <properties/>
  <testcase name="farPlayerHasNoClaims()" classname="dev.ankiesmp.dominium.core.territory.ClaimBorderSelectorTest" time="0.0"/>
  <testcase name="foreignClaimNearbyIsSelected()" classname="dev.ankiesmp.dominium.core.territory.ClaimBorderSelectorTest" time="0.0"/>
  <testcase name="kingdomMembershipCountsAsOwn()" classname="dev.ankiesmp.dominium.core.territory.ClaimBorderSelectorTest" time="0.0"/>
  <testcase name="ownPersonalClaimIsFilteredWhenOnlyForeign()" classname="dev.ankiesmp.dominium.core.territory.ClaimBorderSelectorTest" time="0.0"/>
  <system-out><![CDATA[]]></system-out>
  <system-err><![CDATA[]]></system-err>
</testsuite>
