<?xml version="1.0" encoding="UTF-8"?>
<testsuite name="dev.ankiesmp.dominium.core.kingdom.KingdomCacheTest" tests="3" skipped="0" failures="0" errors="0" timestamp="2026-07-22T07:53:11.819Z" hostname="DESKTOP-MKGL964" time="0.003">
  <properties/>
  <testcase name="invalidateKingdomSweepsRelated()" classname="dev.ankiesmp.dominium.core.kingdom.KingdomCacheTest" time="0.001"/>
  <testcase name="invalidatePlayerClearsBothMaps()" classname="dev.ankiesmp.dominium.core.kingdom.KingdomCacheTest" time="0.0"/>
  <testcase name="hitAndMiss()" classname="dev.ankiesmp.dominium.core.kingdom.KingdomCacheTest" time="0.001"/>
  <system-out><![CDATA[]]></system-out>
  <system-err><![CDATA[]]></system-err>
</testsuite>
