<?xml version="1.0" encoding="UTF-8"?>
<testsuite name="dev.ankiesmp.dominium.paper.command.ConfirmationStoreTest" tests="4" skipped="0" failures="0" errors="0" timestamp="2026-07-22T07:53:13.710Z" hostname="DESKTOP-MKGL964" time="0.001">
  <properties/>
  <testcase name="mismatchDoesNotConsume()" classname="dev.ankiesmp.dominium.paper.command.ConfirmationStoreTest" time="0.0"/>
  <testcase name="clearDropsPending()" classname="dev.ankiesmp.dominium.paper.command.ConfirmationStoreTest" time="0.0"/>
  <testcase name="armThenConsumeMatchesActionAndKingdom()" classname="dev.ankiesmp.dominium.paper.command.ConfirmationStoreTest" time="0.0"/>
  <testcase name="expiredConfirmationIsGone()" classname="dev.ankiesmp.dominium.paper.command.ConfirmationStoreTest" time="0.0"/>
  <system-out><![CDATA[]]></system-out>
  <system-err><![CDATA[]]></system-err>
</testsuite>
