<?xml version="1.0" encoding="UTF-8"?>
<testsuite name="dev.ankiesmp.dominium.core.protection.PersonalClaimAudienceResolverTest" tests="3" skipped="0" failures="0" errors="0" timestamp="2026-07-22T07:53:13.674Z" hostname="DESKTOP-MKGL964" time="0.003">
  <properties/>
  <testcase name="ownerBeatsTrustedBeatsVisitorBeatsPublic()" classname="dev.ankiesmp.dominium.core.protection.PersonalClaimAudienceResolverTest" time="0.001"/>
  <testcase name="protectionEndToEndAccessLevels()" classname="dev.ankiesmp.dominium.core.protection.PersonalClaimAudienceResolverTest" time="0.002"/>
  <testcase name="noAccessDeniesPublicEntryAndKeepsOwnersRights()" classname="dev.ankiesmp.dominium.core.protection.PersonalClaimAudienceResolverTest" time="0.0"/>
  <system-out><![CDATA[]]></system-out>
  <system-err><![CDATA[]]></system-err>
</testsuite>
